'lang'
Traceback (most recent call last):
  File "G:\CODING\_Projects\mylauncher\code\mylauncher.py", line 22, in <module>
    main(argv)
  File "G:\CODING\_Projects\mylauncher\code\mylauncher.py", line 12, in main
    process = Program(config_dict, args)
              ^^^^^^^^^^^^^^^^^^^^^^^^^^
  File "G:\CODING\_Projects\mylauncher\code\handlers\program.py", line 6, in __init__
    super().__init__(config, args)
  File "G:\CODING\_Projects\mylauncher\code\core\myterminal\engine.py", line 32, in __init__
    self.change_lang()
  File "G:\CODING\_Projects\mylauncher\code\core\myterminal\engine.py", line 137, in change_lang
    match self.config['lang']:
          ~~~~~~~~~~~^^^^^^^^
KeyError: 'lang'
'lang'
Traceback (most recent call last):
  File "G:\CODING\_Projects\mylauncher\code\mylauncher.py", line 22, in <module>
    main(argv)
  File "G:\CODING\_Projects\mylauncher\code\mylauncher.py", line 12, in main
    process = Program(config_dict, args)
              ^^^^^^^^^^^^^^^^^^^^^^^^^^
  File "G:\CODING\_Projects\mylauncher\code\handlers\program.py", line 6, in __init__
    super().__init__(config, args)
  File "G:\CODING\_Projects\mylauncher\code\core\myterminal\engine.py", line 32, in __init__
    self.change_lang()
  File "G:\CODING\_Projects\mylauncher\code\core\myterminal\engine.py", line 137, in change_lang
    match self.config['lang']:
          ~~~~~~~~~~~^^^^^^^^
KeyError: 'lang'
'Program' object has no attribute 'hello'
Traceback (most recent call last):
  File "G:\CODING\_Projects\mylauncher\code\mylauncher.py", line 22, in <module>
    main(argv)
  File "G:\CODING\_Projects\mylauncher\code\mylauncher.py", line 12, in main
    process = Program(config_dict, args)
              ^^^^^^^^^^^^^^^^^^^^^^^^^^
  File "G:\CODING\_Projects\mylauncher\code\handlers\program.py", line 6, in __init__
    super().__init__(config, args)
  File "G:\CODING\_Projects\mylauncher\code\core\myterminal\engine.py", line 43, in __init__
    'hello': self.hello,
             ^^^^^^^^^^
AttributeError: 'Program' object has no attribute 'hello'
'Program' object has no attribute 'initbase'
Traceback (most recent call last):
  File "G:\CODING\_Projects\mylauncher\code\mylauncher.py", line 22, in <module>
    main(argv)
  File "G:\CODING\_Projects\mylauncher\code\mylauncher.py", line 12, in main
    process = Program(config_dict, args)
              ^^^^^^^^^^^^^^^^^^^^^^^^^^
  File "G:\CODING\_Projects\mylauncher\code\handlers\program.py", line 8, in __init__
    'init': self.initbase,
            ^^^^^^^^^^^^^
AttributeError: 'Program' object has no attribute 'initbase'
too many values to unpack (expected 2)
Traceback (most recent call last):
  File "G:\CODING\_Projects\mylauncher\code\mylauncher.py", line 22, in <module>
    main(argv)
  File "G:\CODING\_Projects\mylauncher\code\mylauncher.py", line 14, in main
    process.run()
  File "G:\CODING\_Projects\mylauncher\code\core\myterminal\engine.py", line 54, in run
    self.user_input()
  File "G:\CODING\_Projects\mylauncher\code\core\myterminal\engine.py", line 90, in user_input
    return command()
           ^^^^^^^^^
  File "G:\CODING\_Projects\mylauncher\code\core\myterminal\engine.py", line 149, in config_manage
    for jndex, j in self.config[i]:
        ^^^^^^^^
ValueError: too many values to unpack (expected 2)
